[debug] [2025-07-31T18:34:54.951Z] ----------------------------------------------------------------------
[debug] [2025-07-31T18:34:54.954Z] Command:       /nix/store/ws50yvm6vzlzf7jzz6n7xh4szddrack1-nodejs-20.19.1/bin/node /nix/store/gv0i9ndcpzjpfi2yr06402kzy90q51ki-firebase-tools-14.10.1/lib/node_modules/firebase-tools/lib/bin/firebase.js emulators:start --project=demo-app --only=auth,firestore
[debug] [2025-07-31T18:34:54.955Z] CLI Version:   14.10.1
[debug] [2025-07-31T18:34:54.956Z] Platform:      linux
[debug] [2025-07-31T18:34:54.956Z] Node Version:  v20.19.1
[debug] [2025-07-31T18:34:54.956Z] Time:          Thu Jul 31 2025 18:34:54 GMT+0000 (Coordinated Universal Time)
[debug] [2025-07-31T18:34:54.956Z] ----------------------------------------------------------------------
[debug] 
[debug] [2025-07-31T18:34:56.323Z] openjdk version "21.0.7" 2025-04-15
OpenJDK Runtime Environment (build 21.0.7+6-nixos)
OpenJDK 64-Bit Server VM (build 21.0.7+6-nixos, mixed mode, sharing)

[debug] [2025-07-31T18:34:56.365Z] Parsed Java major version: 21
[info] i  emulators: Starting emulators: firestore {"metadata":{"emulator":{"name":"hub"},"message":"Starting emulators: firestore"}}
[info] i  emulators: Detected demo project ID "demo-app", emulated services will use a demo configuration and attempts to access non-emulated services for this project will fail. {"metadata":{"emulator":{"name":"hub"},"message":"Detected demo project ID \"demo-app\", emulated services will use a demo configuration and attempts to access non-emulated services for this project will fail."}}
[warn] ⚠  auth: Not starting the auth emulator, make sure you have run firebase init. {"metadata":{"emulator":{"name":"auth"},"message":"Not starting the auth emulator, make sure you have run firebase init."}}
[warn] ⚠  hub: Error when trying to check port 4400 on ::1: Error: listen EADDRNOTAVAIL: address not available ::1:4400 {"metadata":{"emulator":{"name":"hub"},"message":"Error when trying to check port 4400 on ::1: Error: listen EADDRNOTAVAIL: address not available ::1:4400"}}
[warn] ⚠  hub: Port 4400 is available on 127.0.0.1 but not ::1. This may cause issues with some clients. {"metadata":{"emulator":{"name":"hub"},"message":"Port 4400 is available on 127.0.0.1 but not ::1. This may cause issues with some clients."}}
[warn] ⚠  hub: If you encounter connectivity issues, consider switching to a different port or explicitly specifying "host": "<ip address>" instead of hostname in firebase.json {"metadata":{"emulator":{"name":"hub"},"message":"If you encounter connectivity issues, consider switching to a different port or explicitly specifying \"host\": \"<ip address>\" instead of hostname in firebase.json"}}
[warn] ⚠  ui: Error when trying to check port 4000 on ::1: Error: listen EADDRNOTAVAIL: address not available ::1:4000 {"metadata":{"emulator":{"name":"ui"},"message":"Error when trying to check port 4000 on ::1: Error: listen EADDRNOTAVAIL: address not available ::1:4000"}}
[warn] ⚠  ui: Port 4000 is available on 127.0.0.1 but not ::1. This may cause issues with some clients. {"metadata":{"emulator":{"name":"ui"},"message":"Port 4000 is available on 127.0.0.1 but not ::1. This may cause issues with some clients."}}
[warn] ⚠  ui: If you encounter connectivity issues, consider switching to a different port or explicitly specifying "host": "<ip address>" instead of hostname in firebase.json {"metadata":{"emulator":{"name":"ui"},"message":"If you encounter connectivity issues, consider switching to a different port or explicitly specifying \"host\": \"<ip address>\" instead of hostname in firebase.json"}}
[warn] ⚠  logging: Error when trying to check port 4500 on ::1: Error: listen EADDRNOTAVAIL: address not available ::1:4500 {"metadata":{"emulator":{"name":"logging"},"message":"Error when trying to check port 4500 on ::1: Error: listen EADDRNOTAVAIL: address not available ::1:4500"}}
[warn] ⚠  logging: Port 4500 is available on 127.0.0.1 but not ::1. This may cause issues with some clients. {"metadata":{"emulator":{"name":"logging"},"message":"Port 4500 is available on 127.0.0.1 but not ::1. This may cause issues with some clients."}}
[warn] ⚠  logging: If you encounter connectivity issues, consider switching to a different port or explicitly specifying "host": "<ip address>" instead of hostname in firebase.json {"metadata":{"emulator":{"name":"logging"},"message":"If you encounter connectivity issues, consider switching to a different port or explicitly specifying \"host\": \"<ip address>\" instead of hostname in firebase.json"}}
[warn] ⚠  firestore: Error when trying to check port 8080 on ::1: Error: listen EADDRNOTAVAIL: address not available ::1:8080 {"metadata":{"emulator":{"name":"firestore"},"message":"Error when trying to check port 8080 on ::1: Error: listen EADDRNOTAVAIL: address not available ::1:8080"}}
[warn] ⚠  firestore: Port 8080 is available on 127.0.0.1 but not ::1. This may cause issues with some clients. {"metadata":{"emulator":{"name":"firestore"},"message":"Port 8080 is available on 127.0.0.1 but not ::1. This may cause issues with some clients."}}
[warn] ⚠  firestore: If you encounter connectivity issues, consider switching to a different port or explicitly specifying "host": "<ip address>" instead of hostname in firebase.json {"metadata":{"emulator":{"name":"firestore"},"message":"If you encounter connectivity issues, consider switching to a different port or explicitly specifying \"host\": \"<ip address>\" instead of hostname in firebase.json"}}
[warn] ⚠  firestore.websocket: Error when trying to check port 9150 on ::1: Error: listen EADDRNOTAVAIL: address not available ::1:9150 {"metadata":{"emulator":{"name":"firestore"},"message":"Error when trying to check port 9150 on ::1: Error: listen EADDRNOTAVAIL: address not available ::1:9150"}}
[warn] ⚠  firestore: Port 9150 is available on 127.0.0.1 but not ::1. This may cause issues with some clients. {"metadata":{"emulator":{"name":"firestore"},"message":"Port 9150 is available on 127.0.0.1 but not ::1. This may cause issues with some clients."}}
[warn] ⚠  firestore: If you encounter connectivity issues, consider switching to a different port or explicitly specifying "host": "<ip address>" instead of hostname in firebase.json {"metadata":{"emulator":{"name":"firestore"},"message":"If you encounter connectivity issues, consider switching to a different port or explicitly specifying \"host\": \"<ip address>\" instead of hostname in firebase.json"}}
[debug] [2025-07-31T18:34:56.383Z] assigned listening specs for emulators {"user":{"hub":[{"address":"127.0.0.1","family":"IPv4","port":4400}],"ui":[{"address":"127.0.0.1","family":"IPv4","port":4000}],"logging":[{"address":"127.0.0.1","family":"IPv4","port":4500}],"firestore":[{"address":"127.0.0.1","family":"IPv4","port":8080}],"firestore.websocket":[{"address":"127.0.0.1","family":"IPv4","port":9150}]},"metadata":{"message":"assigned listening specs for emulators"}}
[debug] [2025-07-31T18:34:56.393Z] [hub] writing locator at /tmp/hub-demo-app.json
[debug] [2025-07-31T18:34:56.414Z] Ignoring unsupported arg: auto_download {"metadata":{"emulator":{"name":"firestore"},"message":"Ignoring unsupported arg: auto_download"}}
[debug] [2025-07-31T18:34:56.415Z] Ignoring unsupported arg: single_project_mode_error {"metadata":{"emulator":{"name":"firestore"},"message":"Ignoring unsupported arg: single_project_mode_error"}}
[debug] [2025-07-31T18:34:56.415Z] Starting Firestore Emulator with command {"binary":"java","args":["-Dgoogle.cloud_firestore.debug_log_level=FINE","-Duser.language=en","-jar","/nix/store/6630rdigdc1h6ay3q6zs9bnvj2zrs70g-emulators/cloud-firestore-emulator-v1.19.8.jar","--host","127.0.0.1","--port",8080,"--websocket_port",9150,"--project_id","demo-app","--rules","/home/user/studio/firestore.rules","--single_project_mode",true],"optionalArgs":["port","webchannel_port","host","rules","websocket_port","functions_emulator","seed_from_export","project_id","single_project_mode"],"joinArgs":false,"shell":false,"port":8080} {"metadata":{"emulator":{"name":"firestore"},"message":"Starting Firestore Emulator with command {\"binary\":\"java\",\"args\":[\"-Dgoogle.cloud_firestore.debug_log_level=FINE\",\"-Duser.language=en\",\"-jar\",\"/nix/store/6630rdigdc1h6ay3q6zs9bnvj2zrs70g-emulators/cloud-firestore-emulator-v1.19.8.jar\",\"--host\",\"127.0.0.1\",\"--port\",8080,\"--websocket_port\",9150,\"--project_id\",\"demo-app\",\"--rules\",\"/home/user/studio/firestore.rules\",\"--single_project_mode\",true],\"optionalArgs\":[\"port\",\"webchannel_port\",\"host\",\"rules\",\"websocket_port\",\"functions_emulator\",\"seed_from_export\",\"project_id\",\"single_project_mode\"],\"joinArgs\":false,\"shell\":false,\"port\":8080}"}}
[info] i  firestore: Firestore Emulator logging to firestore-debug.log {"metadata":{"emulator":{"name":"firestore"},"message":"Firestore Emulator logging to firestore-debug.log"}}
[debug] [2025-07-31T18:35:00.394Z] Jul 31, 2025 6:35:00 PM com.google.cloud.datastore.emulator.firestore.websocket.WebSocketServer start
INFO: Started WebSocket server on ws://127.0.0.1:9150
 {"metadata":{"emulator":{"name":"firestore"},"message":"Jul 31, 2025 6:35:00 PM com.google.cloud.datastore.emulator.firestore.websocket.WebSocketServer start\nINFO: Started WebSocket server on ws://127.0.0.1:9150\n"}}
[debug] [2025-07-31T18:35:00.564Z] API endpoint: http://127.0.0.1:8080
If you are using a library that supports the FIRESTORE_EMULATOR_HOST environment variable, run:

   export FIRESTORE_EMULATOR_HOST=127.0.0.1:8080

If you are running a Firestore in Datastore Mode project, run:

   export DATASTORE_EMULATOR_HOST=127.0.0.1:8080

Note: Support for Datastore Mode is in preview. If you encounter any bugs please file at https://github.com/firebase/firebase-tools/issues.
Dev App Server is now running.

 {"metadata":{"emulator":{"name":"firestore"},"message":"API endpoint: http://127.0.0.1:8080\nIf you are using a library that supports the FIRESTORE_EMULATOR_HOST environment variable, run:\n\n   export FIRESTORE_EMULATOR_HOST=127.0.0.1:8080\n\nIf you are running a Firestore in Datastore Mode project, run:\n\n   export DATASTORE_EMULATOR_HOST=127.0.0.1:8080\n\nNote: Support for Datastore Mode is in preview. If you encounter any bugs please file at https://github.com/firebase/firebase-tools/issues.\nDev App Server is now running.\n\n"}}
[info] ✔  firestore: Firestore Emulator UI websocket is running on 9150. {"metadata":{"emulator":{"name":"firestore"},"message":"Firestore Emulator UI websocket is running on 9150."}}
[debug] [2025-07-31T18:35:00.790Z] Could not find VSCode notification endpoint: FetchError: request to http://localhost:40001/vscode/notify failed, reason: connect ECONNREFUSED 127.0.0.1:40001. If you are not running the Firebase Data Connect VSCode extension, this is expected and not an issue.
[info] 
┌─────────────────────────────────────────────────────────────┐
│ ✔  All emulators ready! It is now safe to connect your app. │
│ i  View Emulator UI at http://127.0.0.1:4000/               │
└─────────────────────────────────────────────────────────────┘

┌───────────┬────────────────┬─────────────────────────────────┐
│ Emulator  │ Host:Port      │ View in Emulator UI             │
├───────────┼────────────────┼─────────────────────────────────┤
│ Firestore │ 127.0.0.1:8080 │ http://127.0.0.1:4000/firestore │
└───────────┴────────────────┴─────────────────────────────────┘
  Emulator Hub host: 127.0.0.1 port: 4400
  Other reserved ports: 4500, 9150

Issues? Report them at https://github.com/firebase/firebase-tools/issues and attach the *-debug.log files.
 
[debug] [2025-07-31T18:35:42.648Z] Jul 31, 2025 6:35:42 PM com.google.cloud.datastore.emulator.firestore.websocket.WebSocketChannelHandler initChannel
INFO: Connected to new websocket client
Jul 31, 2025 6:35:42 PM io.gapi.emulators.netty.HttpVersionRoutingHandler channelRead
INFO: Detected non-HTTP/2 connection.
 {"metadata":{"emulator":{"name":"firestore"},"message":"Jul 31, 2025 6:35:42 PM com.google.cloud.datastore.emulator.firestore.websocket.WebSocketChannelHandler initChannel\nINFO: Connected to new websocket client\nJul 31, 2025 6:35:42 PM io.gapi.emulators.netty.HttpVersionRoutingHandler channelRead\nINFO: Detected non-HTTP/2 connection.\n"}}
[debug] [2025-07-31T18:35:43.432Z] Jul 31, 2025 6:35:43 PM com.google.cloud.datastore.emulator.firestore.websocket.WebSocketChannelHandler initChannel
INFO: Connected to new websocket client
 {"metadata":{"emulator":{"name":"firestore"},"message":"Jul 31, 2025 6:35:43 PM com.google.cloud.datastore.emulator.firestore.websocket.WebSocketChannelHandler initChannel\nINFO: Connected to new websocket client\n"}}
[debug] [2025-07-31T18:35:43.725Z] Jul 31, 2025 6:35:43 PM io.grpc.netty.NettyServerTransport notifyTerminated
INFO: Transport failed
io.netty.handler.codec.http2.Http2Exception: Unexpected HTTP/1.x request: GET / 
	at io.netty.handler.codec.http2.Http2Exception.connectionError(Http2Exception.java:107)
	at io.netty.handler.codec.http2.Http2ConnectionHandler$PrefaceDecoder.readClientPrefaceString(Http2ConnectionHandler.java:315)
	at io.netty.handler.codec.http2.Http2ConnectionHandler$PrefaceDecoder.decode(Http2ConnectionHandler.java:245)
	at io.netty.handler.codec.http2.Http2ConnectionHandler.decode(Http2ConnectionHandler.java:451)
	at io.netty.handler.codec.ByteToMessageDecoder.decodeRemovalReentryProtection(ByteToMessageDecoder.java:530)
	at io.netty.handler.codec.ByteToMessageDecoder.callDecode(ByteToMessageDecoder.java:469)
	at io.netty.handler.codec.ByteToMessageDecoder.channelRead(ByteToMessageDecoder.java:290)
	at io.netty.channel.AbstractChannelHandlerContext.invokeChannelRead(AbstractChannelHandlerContext.java:444)
	at io.netty.channel.AbstractChannelHandlerContext.invokeChannelRead(AbstractChannelHandlerContext.java:420)
	at io.netty.channel.AbstractChannelHandlerContext.fireChannelRead(AbstractChannelHandlerContext.java:412)
	at io.netty.channel.DefaultChannelPipeline$HeadContext.channelRead(DefaultChannelPipeline.java:1407)
	at io.netty.channel.AbstractChannelHandlerContext.invokeChannelRead(AbstractChannelHandlerContext.java:440)
	at io.netty.channel.AbstractChannelHandlerContext.invokeChannelRead(AbstractChannelHandlerContext.java:420)
	at io.netty.channel.DefaultChannelPipeline.fireChannelRead(DefaultChannelPipeline.java:918)
	at io.netty.channel.nio.AbstractNioByteChannel$NioByteUnsafe.read(AbstractNioByteChannel.java:166)
	at io.netty.channel.nio.NioEventLoop.processSelectedKey(NioEventLoop.java:788)
	at io.netty.channel.nio.NioEventLoop.processSelectedKeysOptimized(NioEventLoop.java:724)
	at io.netty.channel.nio.NioEventLoop.processSelectedKeys(NioEventLoop.java:650)
	at io.netty.channel.nio.NioEventLoop.run(NioEventLoop.java:562)
	at io.netty.util.concurrent.SingleThreadEventExecutor$4.run(SingleThreadEventExecutor.java:994)
	at io.netty.util.internal.ThreadExecutorMap$2.run(ThreadExecutorMap.java:74)
	at io.netty.util.concurrent.FastThreadLocalRunnable.run(FastThreadLocalRunnable.java:30)
	at java.base/java.lang.Thread.run(Thread.java:1583)

 {"metadata":{"emulator":{"name":"firestore"},"message":"Jul 31, 2025 6:35:43 PM io.grpc.netty.NettyServerTransport notifyTerminated\nINFO: Transport failed\nio.netty.handler.codec.http2.Http2Exception: Unexpected HTTP/1.x request: GET / \n\tat io.netty.handler.codec.http2.Http2Exception.connectionError(Http2Exception.java:107)\n\tat io.netty.handler.codec.http2.Http2ConnectionHandler$PrefaceDecoder.readClientPrefaceString(Http2ConnectionHandler.java:315)\n\tat io.netty.handler.codec.http2.Http2ConnectionHandler$PrefaceDecoder.decode(Http2ConnectionHandler.java:245)\n\tat io.netty.handler.codec.http2.Http2ConnectionHandler.decode(Http2ConnectionHandler.java:451)\n\tat io.netty.handler.codec.ByteToMessageDecoder.decodeRemovalReentryProtection(ByteToMessageDecoder.java:530)\n\tat io.netty.handler.codec.ByteToMessageDecoder.callDecode(ByteToMessageDecoder.java:469)\n\tat io.netty.handler.codec.ByteToMessageDecoder.channelRead(ByteToMessageDecoder.java:290)\n\tat io.netty.channel.AbstractChannelHandlerContext.invokeChannelRead(AbstractChannelHandlerContext.java:444)\n\tat io.netty.channel.AbstractChannelHandlerContext.invokeChannelRead(AbstractChannelHandlerContext.java:420)\n\tat io.netty.channel.AbstractChannelHandlerContext.fireChannelRead(AbstractChannelHandlerContext.java:412)\n\tat io.netty.channel.DefaultChannelPipeline$HeadContext.channelRead(DefaultChannelPipeline.java:1407)\n\tat io.netty.channel.AbstractChannelHandlerContext.invokeChannelRead(AbstractChannelHandlerContext.java:440)\n\tat io.netty.channel.AbstractChannelHandlerContext.invokeChannelRead(AbstractChannelHandlerContext.java:420)\n\tat io.netty.channel.DefaultChannelPipeline.fireChannelRead(DefaultChannelPipeline.java:918)\n\tat io.netty.channel.nio.AbstractNioByteChannel$NioByteUnsafe.read(AbstractNioByteChannel.java:166)\n\tat io.netty.channel.nio.NioEventLoop.processSelectedKey(NioEventLoop.java:788)\n\tat io.netty.channel.nio.NioEventLoop.processSelectedKeysOptimized(NioEventLoop.java:724)\n\tat io.netty.channel.nio.NioEventLoop.processSelectedKeys(NioEventLoop.java:650)\n\tat io.netty.channel.nio.NioEventLoop.run(NioEventLoop.java:562)\n\tat io.netty.util.concurrent.SingleThreadEventExecutor$4.run(SingleThreadEventExecutor.java:994)\n\tat io.netty.util.internal.ThreadExecutorMap$2.run(ThreadExecutorMap.java:74)\n\tat io.netty.util.concurrent.FastThreadLocalRunnable.run(FastThreadLocalRunnable.java:30)\n\tat java.base/java.lang.Thread.run(Thread.java:1583)\n\n"}}
[debug] [2025-07-31T18:35:43.916Z] Jul 31, 2025 6:35:43 PM io.grpc.netty.NettyServerTransport notifyTerminated
INFO: Transport failed
io.netty.handler.codec.http2.Http2Exception: HTTP/2 client preface string missing or corrupt. Hex dump for received bytes: 16030105a8010005a4030347e6bdec7b97a10bd7a2f54580
	at io.netty.handler.codec.http2.Http2Exception.connectionError(Http2Exception.java:107)
	at io.netty.handler.codec.http2.Http2ConnectionHandler$PrefaceDecoder.readClientPrefaceString(Http2ConnectionHandler.java:319)
	at io.netty.handler.codec.http2.Http2ConnectionHandler$PrefaceDecoder.decode(Http2ConnectionHandler.java:245)
	at io.netty.handler.codec.http2.Http2ConnectionHandler.decode(Http2ConnectionHandler.java:451)
	at io.netty.handler.codec.ByteToMessageDecoder.decodeRemovalReentryProtection(ByteToMessageDecoder.java:530)
	at io.netty.handler.codec.ByteToMessageDecoder.callDecode(ByteToMessageDecoder.java:469)
	at io.netty.handler.codec.ByteToMessageDecoder.channelRead(ByteToMessageDecoder.java:290)
	at io.netty.channel.AbstractChannelHandlerContext.invokeChannelRead(AbstractChannelHandlerContext.java:444)
	at io.netty.channel.AbstractChannelHandlerContext.invokeChannelRead(AbstractChannelHandlerContext.java:420)
	at io.netty.channel.AbstractChannelHandlerContext.fireChannelRead(AbstractChannelHandlerContext.java:412)
	at io.netty.channel.DefaultChannelPipeline$HeadContext.channelRead(DefaultChannelPipeline.java:1407)
	at io.netty.channel.AbstractChannelHandlerContext.invokeChannelRead(AbstractChannelHandlerContext.java:440)
	at io.netty.channel.AbstractChannelHandlerContext.invokeChannelRead(AbstractChannelHandlerContext.java:420)
	at io.netty.channel.DefaultChannelPipeline.fireChannelRead(DefaultChannelPipeline.java:918)
	at io.netty.channel.nio.AbstractNioByteChannel$NioByteUnsafe.read(AbstractNioByteChannel.java:166)
	at io.netty.channel.nio.NioEventLoop.processSelectedKey(NioEventLoop.java:788)
	at io.netty.channel.nio.NioEventLoop.processSelectedKeysOptimized(NioEventLoop.java:724)
	at io.netty.channel.nio.NioEventLoop.processSelectedKeys(NioEventLoop.java:650)
	at io.netty.channel.nio.NioEventLoop.run(NioEventLoop.java:562)
	at io.netty.util.concurrent.SingleThreadEventExecutor$4.run(SingleThreadEventExecutor.java:994)
	at io.netty.util.internal.ThreadExecutorMap$2.run(ThreadExecutorMap.java:74)
	at io.netty.util.concurrent.FastThreadLocalRunnable.run(FastThreadLocalRunnable.java:30)
	at java.base/java.lang.Thread.run(Thread.java:1583)

 {"metadata":{"emulator":{"name":"firestore"},"message":"Jul 31, 2025 6:35:43 PM io.grpc.netty.NettyServerTransport notifyTerminated\nINFO: Transport failed\nio.netty.handler.codec.http2.Http2Exception: HTTP/2 client preface string missing or corrupt. Hex dump for received bytes: 16030105a8010005a4030347e6bdec7b97a10bd7a2f54580\n\tat io.netty.handler.codec.http2.Http2Exception.connectionError(Http2Exception.java:107)\n\tat io.netty.handler.codec.http2.Http2ConnectionHandler$PrefaceDecoder.readClientPrefaceString(Http2ConnectionHandler.java:319)\n\tat io.netty.handler.codec.http2.Http2ConnectionHandler$PrefaceDecoder.decode(Http2ConnectionHandler.java:245)\n\tat io.netty.handler.codec.http2.Http2ConnectionHandler.decode(Http2ConnectionHandler.java:451)\n\tat io.netty.handler.codec.ByteToMessageDecoder.decodeRemovalReentryProtection(ByteToMessageDecoder.java:530)\n\tat io.netty.handler.codec.ByteToMessageDecoder.callDecode(ByteToMessageDecoder.java:469)\n\tat io.netty.handler.codec.ByteToMessageDecoder.channelRead(ByteToMessageDecoder.java:290)\n\tat io.netty.channel.AbstractChannelHandlerContext.invokeChannelRead(AbstractChannelHandlerContext.java:444)\n\tat io.netty.channel.AbstractChannelHandlerContext.invokeChannelRead(AbstractChannelHandlerContext.java:420)\n\tat io.netty.channel.AbstractChannelHandlerContext.fireChannelRead(AbstractChannelHandlerContext.java:412)\n\tat io.netty.channel.DefaultChannelPipeline$HeadContext.channelRead(DefaultChannelPipeline.java:1407)\n\tat io.netty.channel.AbstractChannelHandlerContext.invokeChannelRead(AbstractChannelHandlerContext.java:440)\n\tat io.netty.channel.AbstractChannelHandlerContext.invokeChannelRead(AbstractChannelHandlerContext.java:420)\n\tat io.netty.channel.DefaultChannelPipeline.fireChannelRead(DefaultChannelPipeline.java:918)\n\tat io.netty.channel.nio.AbstractNioByteChannel$NioByteUnsafe.read(AbstractNioByteChannel.java:166)\n\tat io.netty.channel.nio.NioEventLoop.processSelectedKey(NioEventLoop.java:788)\n\tat io.netty.channel.nio.NioEventLoop.processSelectedKeysOptimized(NioEventLoop.java:724)\n\tat io.netty.channel.nio.NioEventLoop.processSelectedKeys(NioEventLoop.java:650)\n\tat io.netty.channel.nio.NioEventLoop.run(NioEventLoop.java:562)\n\tat io.netty.util.concurrent.SingleThreadEventExecutor$4.run(SingleThreadEventExecutor.java:994)\n\tat io.netty.util.internal.ThreadExecutorMap$2.run(ThreadExecutorMap.java:74)\n\tat io.netty.util.concurrent.FastThreadLocalRunnable.run(FastThreadLocalRunnable.java:30)\n\tat java.base/java.lang.Thread.run(Thread.java:1583)\n\n"}}
[debug] [2025-07-31T18:43:56.232Z] Jul 31, 2025 6:43:56 PM com.google.cloud.datastore.emulator.firestore.websocket.WebSocketChannelHandler initChannel
INFO: Connected to new websocket client
 {"metadata":{"emulator":{"name":"firestore"},"message":"Jul 31, 2025 6:43:56 PM com.google.cloud.datastore.emulator.firestore.websocket.WebSocketChannelHandler initChannel\nINFO: Connected to new websocket client\n"}}
[debug] [2025-07-31T18:44:11.897Z] Jul 31, 2025 6:44:11 PM com.google.cloud.datastore.emulator.firestore.websocket.WebSocketChannelHandler initChannel
INFO: Connected to new websocket client
 {"metadata":{"emulator":{"name":"firestore"},"message":"Jul 31, 2025 6:44:11 PM com.google.cloud.datastore.emulator.firestore.websocket.WebSocketChannelHandler initChannel\nINFO: Connected to new websocket client\n"}}
[debug] [2025-07-31T18:46:03.090Z] Jul 31, 2025 6:46:03 PM com.google.cloud.datastore.emulator.firestore.websocket.WebSocketChannelHandler channelClosed
INFO: Websocket client disconnected
 {"metadata":{"emulator":{"name":"firestore"},"message":"Jul 31, 2025 6:46:03 PM com.google.cloud.datastore.emulator.firestore.websocket.WebSocketChannelHandler channelClosed\nINFO: Websocket client disconnected\n"}}
[debug] [2025-07-31T18:55:57.018Z] Jul 31, 2025 6:55:57 PM com.google.cloud.datastore.emulator.firestore.websocket.WebSocketChannelHandler channelClosed
INFO: Websocket client disconnected
 {"metadata":{"emulator":{"name":"firestore"},"message":"Jul 31, 2025 6:55:57 PM com.google.cloud.datastore.emulator.firestore.websocket.WebSocketChannelHandler channelClosed\nINFO: Websocket client disconnected\n"}}
[debug] [2025-07-31T18:55:58.211Z] Jul 31, 2025 6:55:58 PM com.google.cloud.datastore.emulator.firestore.websocket.WebSocketChannelHandler initChannel
INFO: Connected to new websocket client
 {"metadata":{"emulator":{"name":"firestore"},"message":"Jul 31, 2025 6:55:58 PM com.google.cloud.datastore.emulator.firestore.websocket.WebSocketChannelHandler initChannel\nINFO: Connected to new websocket client\n"}}
[debug] [2025-07-31T18:59:12.984Z] Jul 31, 2025 6:59:12 PM com.google.cloud.datastore.emulator.firestore.websocket.WebSocketChannelHandler initChannel
INFO: Connected to new websocket client
 {"metadata":{"emulator":{"name":"firestore"},"message":"Jul 31, 2025 6:59:12 PM com.google.cloud.datastore.emulator.firestore.websocket.WebSocketChannelHandler initChannel\nINFO: Connected to new websocket client\n"}}
[debug] [2025-07-31T19:01:31.936Z] Jul 31, 2025 7:01:31 PM com.google.cloud.datastore.emulator.firestore.websocket.WebSocketChannelHandler channelClosed
INFO: Websocket client disconnected
 {"metadata":{"emulator":{"name":"firestore"},"message":"Jul 31, 2025 7:01:31 PM com.google.cloud.datastore.emulator.firestore.websocket.WebSocketChannelHandler channelClosed\nINFO: Websocket client disconnected\n"}}
[debug] [2025-07-31T19:03:47.103Z] Jul 31, 2025 7:03:47 PM com.google.cloud.datastore.emulator.firestore.websocket.WebSocketChannelHandler channelClosed
INFO: Websocket client disconnected
 {"metadata":{"emulator":{"name":"firestore"},"message":"Jul 31, 2025 7:03:47 PM com.google.cloud.datastore.emulator.firestore.websocket.WebSocketChannelHandler channelClosed\nINFO: Websocket client disconnected\n"}}
[debug] [2025-07-31T19:10:39.053Z] Jul 31, 2025 7:10:39 PM com.google.cloud.datastore.emulator.firestore.websocket.WebSocketChannelHandler initChannel
INFO: Connected to new websocket client
 {"metadata":{"emulator":{"name":"firestore"},"message":"Jul 31, 2025 7:10:39 PM com.google.cloud.datastore.emulator.firestore.websocket.WebSocketChannelHandler initChannel\nINFO: Connected to new websocket client\n"}}
[info] i  firestore: Change detected, updating rules... 
[debug] [2025-07-31T19:12:26.157Z] >>> [apiv2][query] PUT http://127.0.0.1:8080/emulator/v1/projects/demo-app:securityRules [none]
[debug] [2025-07-31T19:12:26.158Z] >>> [apiv2][body] PUT http://127.0.0.1:8080/emulator/v1/projects/demo-app:securityRules {"ignore_errors":true,"rules":{"files":[{"name":"security.rules","content":"\nrules_version = '2';\n\nservice cloud.firestore {\n  match /databases/{database}/documents {\n\n    // Helper function to check for the admin custom claim on the user's token.\n    function isAdmin() {\n      return request.auth.token.admin == true;\n    }\n\n<<<<<<< HEAD\n    // Rules for the 'users' collection and all sub-documents.\n    match /users/{userId}/{path=**} {\n      // A user can always read and write to their own documents.\n      // An admin can read and write to any user's documents.\n      allow read, write: if request.auth.uid == userId || isAdmin();\n=======\n    // Rules for the 'users' collection\n    match /users/{userId} {\n      // Users can create their own profile.\n      allow create: if request.auth.uid == userId;\n      // Users can read and update their own profile. Admins can read/update any user profile.\n      allow read, update: if request.auth.uid == userId || isAdmin();\n\n      // Rules for subcollections within a user document\n      match /application/draft {\n        allow read, write: if request.auth.uid == userId || isAdmin();\n      }\n      match /documents/{docId} {\n        allow read, write: if request.auth.uid == userId || isAdmin();\n      }\n      match /messages/{messageId} {\n        // Users and Admins can create and read messages.\n        allow read, create: if request.auth.uid == userId || isAdmin();\n      }\n      match /payments/{paymentId} {\n        // Users can only read their own payment history. Admins can read anyone's.\n        allow read: if request.auth.uid == userId || isAdmin();\n      }\n      match /quizResults/{resultId} {\n        // Users can read/write their own quiz results. Admins can too.\n        allow read, write: if request.auth.uid == userId || isAdmin();\n      }\n      match /auditLogs/{logId} {\n        // Users can create audit log entries and read their own logs. Admins can read all.\n        allow read: if request.auth.uid == userId || isAdmin();\n        allow create: if request.auth.uid == userId;\n      }\n>>>>>>> 7c30f66482da59a66d9bea758a6130ee327868cb\n    }\n\n    // Rules for the top-level 'applications' collection (for submitted apps).\n    match /applications/{appId} {\n      // A user can create their application document upon final submission.\n      // The userId on the new document must match the user's own uid.\n      allow create: if request.auth.uid == request.resource.data.userId;\n\n      // An admin can perform any action on submitted applications.\n      // A user can also read their own submitted application.\n      allow read: if resource.data.userId == request.auth.uid || isAdmin();\n      allow update, delete: if isAdmin();\n    }\n\n    // Rules for top-level 'appointments' collection.\n    match /appointments/{appointmentId} {\n      // Admins can list the entire collection and delete any appointment.\n      allow list, delete: if isAdmin();\n\n      // Authenticated users can create their own appointments.\n      // The `userId` field in the document must match their own UID.\n      allow create: if request.auth.uid == request.resource.data.userId;\n\n      // An individual appointment can be read or updated if the user is the owner OR is an admin.\n      allow get, update: if request.auth.uid == resource.data.userId || isAdmin();\n    }\n\n    // Rules for other admin-only or specific collections.\n    match /settings/{docId} {\n        // Any authenticated user can read settings (e.g., appointment availability).\n        allow read: if request.auth != null;\n        // Only admins can change settings.\n        allow write: if isAdmin();\n    }\n\n    match /news/{docId} {\n      allow read, write: if isAdmin();\n    }\n\n    // Rules for the 'forumPosts' collection\n    match /forumPosts/{postId} {\n      allow read: if true;\n      allow create: if request.auth.uid != null;\n      allow delete, update: if request.auth.token.admin == true;\n    }\n\n    // Rules for the 'learningHub' collection\n    match /learningHub/{docId} {\n      allow read: if true;\n      allow write: if request.auth.token.admin == true;\n    }\n  }\n}\n"}]}}
[debug] [2025-07-31T19:12:26.179Z] Jul 31, 2025 7:12:26 PM io.gapi.emulators.netty.HttpVersionRoutingHandler channelRead
INFO: Detected non-HTTP/2 connection.
 {"metadata":{"emulator":{"name":"firestore"},"message":"Jul 31, 2025 7:12:26 PM io.gapi.emulators.netty.HttpVersionRoutingHandler channelRead\nINFO: Detected non-HTTP/2 connection.\n"}}
[debug] [2025-07-31T19:12:27.047Z] Jul 31, 2025 7:12:27 PM io.gapi.emulators.netty.HttpVersionRoutingHandler channelRead
INFO: Detected HTTP/2 connection.
 {"metadata":{"emulator":{"name":"firestore"},"message":"Jul 31, 2025 7:12:27 PM io.gapi.emulators.netty.HttpVersionRoutingHandler channelRead\nINFO: Detected HTTP/2 connection.\n"}}
[debug] [2025-07-31T19:12:32.610Z] <<< [apiv2][status] PUT http://127.0.0.1:8080/emulator/v1/projects/demo-app:securityRules 200
[debug] [2025-07-31T19:12:32.611Z] <<< [apiv2][body] PUT http://127.0.0.1:8080/emulator/v1/projects/demo-app:securityRules {"issues":[{"sourcePosition":{"fileName":"security.rules","line":12,"column":1,"currentOffset":251,"endOffset":251},"description":"Unexpected '<'.","severity":"ERROR"},{"sourcePosition":{"fileName":"security.rules","line":18,"column":1,"currentOffset":562,"endOffset":563},"description":"Unexpected '=='.","severity":"ERROR"},{"sourcePosition":{"fileName":"security.rules","line":50,"column":1,"currentOffset":1986,"endOffset":1986},"description":"Unexpected '>'.","severity":"ERROR"},{"sourcePosition":{"fileName":"security.rules","line":104,"column":1,"currentOffset":4020,"endOffset":4019},"description":"Unexpected '<EOF>'.","severity":"ERROR"},{"sourcePosition":{"fileName":"security.rules","line":104,"column":1,"currentOffset":4020,"endOffset":4019},"description":"missing '}' at '<EOF>'","severity":"ERROR"}]}
[warn] ⚠  firestore.rules:12:1 - ERROR Unexpected '<'. 
[warn] ⚠  firestore.rules:18:1 - ERROR Unexpected '=='. 
[warn] ⚠  firestore.rules:50:1 - ERROR Unexpected '>'. 
[warn] ⚠  firestore.rules:104:1 - ERROR Unexpected '<EOF>'. 
[warn] ⚠  firestore.rules:104:1 - ERROR missing '}' at '<EOF>' 
[info] ✔  firestore: Rules updated. 
